[2018-09-13 16:07:54] [INFO] *****************************用例test_order_offline_004开始执行****************************
[2018-09-13 16:07:54] [DEBUG] 下单前redis线上库存126610000.0
[2018-09-13 16:07:54] [DEBUG] 创建订单数据{'_code': '000000', '_msg': '操作成功', '_data': {'orderId': '100362248845', 'isPay': 1, 'payType': None, 'aliParameter': None, 'wxParameter': None, 'h5PayUrl': None, 'thirdPayAmount': 0, 'payTimeLeft': 299, 'closeMinutes': 5, 'isGiftIssue': 0, 'outStockFlag': 0, 'outStockSkuName': [], 'isShareFlag': 0, 'warehouseId': 10056}}
[2018-09-13 16:07:56] [DEBUG] 下单后redis线上库存126500000.0
[2018-09-13 16:07:56] [DEBUG] B端堂食待出餐订单{'_code': '000000', '_msg': None, '_data': {'orderDTOList': [{'id': '11036224896632', 'createTime': 1536826075000, 'makeRemainingTime': None, 'takeMealRemainingTime': None, 'goodsCount': 11, 'orderAmount': '2.20', 'goodsAmount': '2.20', 'goodsOriginAmount': '2.20', 'payAmount': '2.20', 'remark': None, 'memberId': 1145, 'addrName': '自己人', 'addrMobile': '18201112814', 'addrFull': None, 'shippingType': '113', 'distributionType': 0, 'shippingStartTime': 1536826074762, 'shippingEndTime': 1536826074762, 'shipmentEndTime': None, 'shipmentStatus': 544, 'shipmentStatusName': '制作中', 'refundStatus': 0, 'refundAll': False, 'rejectNum': 0, 'refundApply': False, 'orderStatus': 0, 'packFlag': False, 'expect': '堂食时间  ', 'tel': '18201112814', 'nickName': '自己人', 'deliverTime': 1536826074000, 'takeMealTime': None, 'mealNo': '9143', 'orderItemDTOList': [{'id': '12036224881802211', 'goodsId': 18230, 'goodsName': 'GZX餐食生产加工-制作1分钟', 'goodsNum': 11, 'rejectNum': 0, 'goodsPrice': '0.20', 'promotionPrice': '0.20', 'payAmount': '2.20', 'goodsAmount': '2.20', 'pricingMethod': 390, 'expectMakeTime': '1', 'shipmentStatus': 544, 'shipmentStatusName': '制作中', 'refundStatus': 0, 'goodsOutStockCount': 0}], 'shipmentStartTime': '2018-09-13 16:07:55', 'latestProductionMinutes': 1, 'lastCustomerServiceTime': None, 'offlineOrderType': 1123}], 'count': 1, 'nowTime': 1536826076840}}
[2018-09-13 16:07:56] [DEBUG] MYSQL查询数据((997445746,), (1792000,))
[2018-09-13 16:07:56] [DEBUG] B端确认出餐前原材料1、原材料2仓库实物库存997445746,1792000
[2018-09-13 16:07:57] [DEBUG] B端确认出餐{'_code': '000000', '_msg': None, '_data': True}
[2018-09-13 16:07:59] [DEBUG] MYSQL查询数据((997412746,), (1748000,))
[2018-09-13 16:07:59] [DEBUG] B端确认出餐后原材料1、原材料2仓库实物库存997412746,1748000
[2018-09-13 16:07:59] [DEBUG] B端仅供堂食核销{'_code': '000000', '_msg': None, '_data': {'orderDTOList': [{'id': '11036224896632', 'createTime': 1536826075000, 'makeRemainingTime': None, 'takeMealRemainingTime': None, 'goodsCount': 11, 'orderAmount': '2.20', 'goodsAmount': '2.20', 'goodsOriginAmount': '2.20', 'payAmount': '2.20', 'remark': None, 'memberId': 1145, 'addrName': '自己人', 'addrMobile': '18201112814', 'addrFull': None, 'shippingType': '113', 'distributionType': 0, 'shippingStartTime': 1536826074762, 'shippingEndTime': 1536826074762, 'shipmentEndTime': 1536826077000, 'shipmentStatus': 46, 'shipmentStatusName': '交易完成', 'refundStatus': 0, 'refundAll': False, 'rejectNum': 0, 'refundApply': False, 'orderStatus': 0, 'packFlag': False, 'expect': '堂食时间  16:07', 'tel': '18201112814', 'nickName': '自己人', 'deliverTime': 1536826079000, 'takeMealTime': 1536826079000, 'mealNo': '9143', 'orderItemDTOList': [{'id': '12036224881802211', 'goodsId': 18230, 'goodsName': 'GZX餐食生产加工-制作1分钟', 'goodsNum': 11, 'rejectNum': 0, 'goodsPrice': '0.20', 'promotionPrice': '0.20', 'payAmount': '2.20', 'goodsAmount': '2.20', 'pricingMethod': 390, 'expectMakeTime': '1', 'shipmentStatus': 46, 'shipmentStatusName': '已取餐', 'refundStatus': 0, 'goodsOutStockCount': 0}], 'shipmentStartTime': '2018-09-13 16:07:55', 'latestProductionMinutes': 1, 'lastCustomerServiceTime': None, 'offlineOrderType': 1123}], 'count': 1, 'nowTime': 1536826079089, 'memberId': 1145}}
[2018-09-13 16:07:59] [DEBUG] B端核销后订单状态46
[2018-09-13 16:07:59] [INFO] *****************************用例test_order_offline_004执行结束****************************
[2018-09-13 16:08:05] [INFO] *****************************用例test_order_offline_004开始执行****************************
[2018-09-13 16:08:05] [DEBUG] 下单前redis线上库存126500000.0
[2018-09-13 16:08:05] [DEBUG] 创建订单数据{'_code': '000000', '_msg': '操作成功', '_data': {'orderId': '100362249045', 'isPay': 1, 'payType': None, 'aliParameter': None, 'wxParameter': None, 'h5PayUrl': None, 'thirdPayAmount': 0, 'payTimeLeft': 299, 'closeMinutes': 5, 'isGiftIssue': 0, 'outStockFlag': 0, 'outStockSkuName': [], 'isShareFlag': 0, 'warehouseId': 10056}}
[2018-09-13 16:08:07] [DEBUG] 下单后redis线上库存126390000.0
[2018-09-13 16:08:07] [DEBUG] B端堂食待出餐订单{'_code': '000000', '_msg': None, '_data': {'orderDTOList': [{'id': '11036224916097', 'createTime': 1536826086000, 'makeRemainingTime': None, 'takeMealRemainingTime': None, 'goodsCount': 11, 'orderAmount': '2.20', 'goodsAmount': '2.20', 'goodsOriginAmount': '2.20', 'payAmount': '2.20', 'remark': None, 'memberId': 1145, 'addrName': '自己人', 'addrMobile': '18201112814', 'addrFull': None, 'shippingType': '113', 'distributionType': 0, 'shippingStartTime': 1536826085648, 'shippingEndTime': 1536826085648, 'shipmentEndTime': None, 'shipmentStatus': 544, 'shipmentStatusName': '制作中', 'refundStatus': 0, 'refundAll': False, 'rejectNum': 0, 'refundApply': False, 'orderStatus': 0, 'packFlag': False, 'expect': '堂食时间  ', 'tel': '18201112814', 'nickName': '自己人', 'deliverTime': 1536826085000, 'takeMealTime': None, 'mealNo': '8367', 'orderItemDTOList': [{'id': '12036224901802211', 'goodsId': 18230, 'goodsName': 'GZX餐食生产加工-制作1分钟', 'goodsNum': 11, 'rejectNum': 0, 'goodsPrice': '0.20', 'promotionPrice': '0.20', 'payAmount': '2.20', 'goodsAmount': '2.20', 'pricingMethod': 390, 'expectMakeTime': '1', 'shipmentStatus': 544, 'shipmentStatusName': '制作中', 'refundStatus': 0, 'goodsOutStockCount': 0}], 'shipmentStartTime': '2018-09-13 16:08:06', 'latestProductionMinutes': 1, 'lastCustomerServiceTime': None, 'offlineOrderType': 1123}], 'count': 1, 'nowTime': 1536826087704}}
[2018-09-13 16:08:07] [DEBUG] MYSQL查询数据((997412746,), (1748000,))
[2018-09-13 16:08:07] [DEBUG] B端确认出餐前原材料1、原材料2仓库实物库存997412746,1748000
[2018-09-13 16:08:07] [DEBUG] B端确认出餐{'_code': '000000', '_msg': None, '_data': True}
[2018-09-13 16:08:09] [DEBUG] MYSQL查询数据((997379746,), (1704000,))
[2018-09-13 16:08:09] [DEBUG] B端确认出餐后原材料1、原材料2仓库实物库存997379746,1704000
[2018-09-13 16:08:09] [DEBUG] B端仅供堂食核销{'_code': '000000', '_msg': None, '_data': {'orderDTOList': [{'id': '11036224916097', 'createTime': 1536826086000, 'makeRemainingTime': None, 'takeMealRemainingTime': None, 'goodsCount': 11, 'orderAmount': '2.20', 'goodsAmount': '2.20', 'goodsOriginAmount': '2.20', 'payAmount': '2.20', 'remark': None, 'memberId': 1145, 'addrName': '自己人', 'addrMobile': '18201112814', 'addrFull': None, 'shippingType': '113', 'distributionType': 0, 'shippingStartTime': 1536826085648, 'shippingEndTime': 1536826085648, 'shipmentEndTime': 1536826088000, 'shipmentStatus': 46, 'shipmentStatusName': '交易完成', 'refundStatus': 0, 'refundAll': False, 'rejectNum': 0, 'refundApply': False, 'orderStatus': 0, 'packFlag': False, 'expect': '堂食时间  16:08', 'tel': '18201112814', 'nickName': '自己人', 'deliverTime': 1536826090000, 'takeMealTime': 1536826090000, 'mealNo': '8367', 'orderItemDTOList': [{'id': '12036224901802211', 'goodsId': 18230, 'goodsName': 'GZX餐食生产加工-制作1分钟', 'goodsNum': 11, 'rejectNum': 0, 'goodsPrice': '0.20', 'promotionPrice': '0.20', 'payAmount': '2.20', 'goodsAmount': '2.20', 'pricingMethod': 390, 'expectMakeTime': '1', 'shipmentStatus': 46, 'shipmentStatusName': '已取餐', 'refundStatus': 0, 'goodsOutStockCount': 0}], 'shipmentStartTime': '2018-09-13 16:08:06', 'latestProductionMinutes': 1, 'lastCustomerServiceTime': None, 'offlineOrderType': 1123}], 'count': 1, 'nowTime': 1536826089954, 'memberId': 1145}}
[2018-09-13 16:08:09] [DEBUG] B端核销后订单状态46
[2018-09-13 16:08:09] [INFO] *****************************用例test_order_offline_004执行结束****************************
[2018-09-13 16:08:12] [INFO] *****************************用例test_order_offline_004开始执行****************************
[2018-09-13 16:08:12] [DEBUG] 下单前redis线上库存126390000.0
[2018-09-13 16:08:12] [DEBUG] 创建订单数据{'_code': '000000', '_msg': '操作成功', '_data': {'orderId': '100362249245', 'isPay': 1, 'payType': None, 'aliParameter': None, 'wxParameter': None, 'h5PayUrl': None, 'thirdPayAmount': 0, 'payTimeLeft': 299, 'closeMinutes': 5, 'isGiftIssue': 0, 'outStockFlag': 0, 'outStockSkuName': [], 'isShareFlag': 0, 'warehouseId': 10056}}
[2018-09-13 16:08:14] [DEBUG] 下单后redis线上库存126280000.0
[2018-09-13 16:08:14] [DEBUG] B端堂食待出餐订单{'_code': '000000', '_msg': None, '_data': {'orderDTOList': [{'id': '11036224934327', 'createTime': 1536826092000, 'makeRemainingTime': None, 'takeMealRemainingTime': None, 'goodsCount': 11, 'orderAmount': '2.20', 'goodsAmount': '2.20', 'goodsOriginAmount': '2.20', 'payAmount': '2.20', 'remark': None, 'memberId': 1145, 'addrName': '自己人', 'addrMobile': '18201112814', 'addrFull': None, 'shippingType': '113', 'distributionType': 0, 'shippingStartTime': 1536826092423, 'shippingEndTime': 1536826092423, 'shipmentEndTime': None, 'shipmentStatus': 544, 'shipmentStatusName': '制作中', 'refundStatus': 0, 'refundAll': False, 'rejectNum': 0, 'refundApply': False, 'orderStatus': 0, 'packFlag': False, 'expect': '堂食时间  ', 'tel': '18201112814', 'nickName': '自己人', 'deliverTime': 1536826092000, 'takeMealTime': None, 'mealNo': '5816', 'orderItemDTOList': [{'id': '12036224921802211', 'goodsId': 18230, 'goodsName': 'GZX餐食生产加工-制作1分钟', 'goodsNum': 11, 'rejectNum': 0, 'goodsPrice': '0.20', 'promotionPrice': '0.20', 'payAmount': '2.20', 'goodsAmount': '2.20', 'pricingMethod': 390, 'expectMakeTime': '1', 'shipmentStatus': 544, 'shipmentStatusName': '制作中', 'refundStatus': 0, 'goodsOutStockCount': 0}], 'shipmentStartTime': '2018-09-13 16:08:12', 'latestProductionMinutes': 1, 'lastCustomerServiceTime': None, 'offlineOrderType': 1123}], 'count': 1, 'nowTime': 1536826094488}}
[2018-09-13 16:08:14] [DEBUG] MYSQL查询数据((997379746,), (1704000,))
[2018-09-13 16:08:14] [DEBUG] B端确认出餐前原材料1、原材料2仓库实物库存997379746,1704000
[2018-09-13 16:08:14] [DEBUG] B端确认出餐{'_code': '000000', '_msg': None, '_data': True}
[2018-09-13 16:08:16] [DEBUG] MYSQL查询数据((997346746,), (1660000,))
[2018-09-13 16:08:16] [DEBUG] B端确认出餐后原材料1、原材料2仓库实物库存997346746,1660000
[2018-09-13 16:08:16] [DEBUG] B端仅供堂食核销{'_code': '000000', '_msg': None, '_data': {'orderDTOList': [{'id': '11036224934327', 'createTime': 1536826092000, 'makeRemainingTime': None, 'takeMealRemainingTime': 1798211, 'goodsCount': 11, 'orderAmount': '2.20', 'goodsAmount': '2.20', 'goodsOriginAmount': '2.20', 'payAmount': '2.20', 'remark': None, 'memberId': 1145, 'addrName': '自己人', 'addrMobile': '18201112814', 'addrFull': None, 'shippingType': '113', 'distributionType': 0, 'shippingStartTime': 1536826092423, 'shippingEndTime': 1536826092423, 'shipmentEndTime': 1536826095000, 'shipmentStatus': 45, 'shipmentStatusName': '待取餐', 'refundStatus': 0, 'refundAll': False, 'rejectNum': 0, 'refundApply': False, 'orderStatus': 0, 'packFlag': False, 'expect': '堂食时间  16:08', 'tel': '18201112814', 'nickName': '自己人', 'deliverTime': 1536826092000, 'takeMealTime': None, 'mealNo': '5816', 'orderItemDTOList': [{'id': '12036224921802211', 'goodsId': 18230, 'goodsName': 'GZX餐食生产加工-制作1分钟', 'goodsNum': 11, 'rejectNum': 0, 'goodsPrice': '0.20', 'promotionPrice': '0.20', 'payAmount': '2.20', 'goodsAmount': '2.20', 'pricingMethod': 390, 'expectMakeTime': '1', 'shipmentStatus': 46, 'shipmentStatusName': '已取餐', 'refundStatus': 0, 'goodsOutStockCount': 0}], 'shipmentStartTime': '2018-09-13 16:08:12', 'latestProductionMinutes': 1, 'lastCustomerServiceTime': None, 'offlineOrderType': 1123}], 'count': 1, 'nowTime': 1536826096740, 'memberId': 1145}}
[2018-09-13 16:08:16] [DEBUG] B端核销后订单状态45
[2018-09-13 16:08:20] [INFO] *****************************用例test_order_offline_004开始执行****************************
[2018-09-13 16:08:20] [DEBUG] 下单前redis线上库存126280000.0
[2018-09-13 16:08:20] [DEBUG] 创建订单数据{'_code': '000000', '_msg': '操作成功', '_data': {'orderId': '100362249445', 'isPay': 1, 'payType': None, 'aliParameter': None, 'wxParameter': None, 'h5PayUrl': None, 'thirdPayAmount': 0, 'payTimeLeft': 299, 'closeMinutes': 5, 'isGiftIssue': 0, 'outStockFlag': 0, 'outStockSkuName': [], 'isShareFlag': 0, 'warehouseId': 10056}}
[2018-09-13 16:08:22] [DEBUG] 下单后redis线上库存126170000.0
[2018-09-13 16:08:22] [DEBUG] B端堂食待出餐订单{'_code': '000000', '_msg': None, '_data': {'orderDTOList': [{'id': '11036224958375', 'createTime': 1536826101000, 'makeRemainingTime': None, 'takeMealRemainingTime': None, 'goodsCount': 11, 'orderAmount': '2.20', 'goodsAmount': '2.20', 'goodsOriginAmount': '2.20', 'payAmount': '2.20', 'remark': None, 'memberId': 1145, 'addrName': '自己人', 'addrMobile': '18201112814', 'addrFull': None, 'shippingType': '113', 'distributionType': 0, 'shippingStartTime': 1536826100787, 'shippingEndTime': 1536826100787, 'shipmentEndTime': None, 'shipmentStatus': 544, 'shipmentStatusName': '制作中', 'refundStatus': 0, 'refundAll': False, 'rejectNum': 0, 'refundApply': False, 'orderStatus': 0, 'packFlag': False, 'expect': '堂食时间  ', 'tel': '18201112814', 'nickName': '自己人', 'deliverTime': 1536826100000, 'takeMealTime': None, 'mealNo': '3642', 'orderItemDTOList': [{'id': '12036224941802211', 'goodsId': 18230, 'goodsName': 'GZX餐食生产加工-制作1分钟', 'goodsNum': 11, 'rejectNum': 0, 'goodsPrice': '0.20', 'promotionPrice': '0.20', 'payAmount': '2.20', 'goodsAmount': '2.20', 'pricingMethod': 390, 'expectMakeTime': '1', 'shipmentStatus': 544, 'shipmentStatusName': '制作中', 'refundStatus': 0, 'goodsOutStockCount': 0}], 'shipmentStartTime': '2018-09-13 16:08:21', 'latestProductionMinutes': 1, 'lastCustomerServiceTime': None, 'offlineOrderType': 1123}], 'count': 1, 'nowTime': 1536826102870}}
[2018-09-13 16:08:22] [DEBUG] MYSQL查询数据((997346746,), (1660000,))
[2018-09-13 16:08:22] [DEBUG] B端确认出餐前原材料1、原材料2仓库实物库存997346746,1660000
[2018-09-13 16:08:23] [DEBUG] B端确认出餐{'_code': '000000', '_msg': None, '_data': True}
[2018-09-13 16:08:25] [DEBUG] MYSQL查询数据((997313746,), (1616000,))
[2018-09-13 16:08:25] [DEBUG] B端确认出餐后原材料1、原材料2仓库实物库存997313746,1616000
[2018-09-13 16:08:25] [DEBUG] B端仅供堂食核销{'_code': '000000', '_msg': None, '_data': {'orderDTOList': [{'id': '11036224958375', 'createTime': 1536826101000, 'makeRemainingTime': None, 'takeMealRemainingTime': 1797823, 'goodsCount': 11, 'orderAmount': '2.20', 'goodsAmount': '2.20', 'goodsOriginAmount': '2.20', 'payAmount': '2.20', 'remark': None, 'memberId': 1145, 'addrName': '自己人', 'addrMobile': '18201112814', 'addrFull': None, 'shippingType': '113', 'distributionType': 0, 'shippingStartTime': 1536826100787, 'shippingEndTime': 1536826100787, 'shipmentEndTime': 1536826103000, 'shipmentStatus': 45, 'shipmentStatusName': '待取餐', 'refundStatus': 0, 'refundAll': False, 'rejectNum': 0, 'refundApply': False, 'orderStatus': 0, 'packFlag': False, 'expect': '堂食时间  16:08', 'tel': '18201112814', 'nickName': '自己人', 'deliverTime': 1536826100000, 'takeMealTime': None, 'mealNo': '3642', 'orderItemDTOList': [{'id': '12036224941802211', 'goodsId': 18230, 'goodsName': 'GZX餐食生产加工-制作1分钟', 'goodsNum': 11, 'rejectNum': 0, 'goodsPrice': '0.20', 'promotionPrice': '0.20', 'payAmount': '2.20', 'goodsAmount': '2.20', 'pricingMethod': 390, 'expectMakeTime': '1', 'shipmentStatus': 46, 'shipmentStatusName': '已取餐', 'refundStatus': 0, 'goodsOutStockCount': 0}], 'shipmentStartTime': '2018-09-13 16:08:21', 'latestProductionMinutes': 1, 'lastCustomerServiceTime': None, 'offlineOrderType': 1123}], 'count': 1, 'nowTime': 1536826105131, 'memberId': 1145}}
[2018-09-13 16:08:25] [DEBUG] B端核销后订单状态45
[2018-09-13 16:08:27] [INFO] *****************************用例test_order_offline_004开始执行****************************
[2018-09-13 16:08:27] [DEBUG] 下单前redis线上库存126170000.0
[2018-09-13 16:08:28] [DEBUG] 创建订单数据{'_code': '000000', '_msg': '操作成功', '_data': {'orderId': '100362249645', 'isPay': 1, 'payType': None, 'aliParameter': None, 'wxParameter': None, 'h5PayUrl': None, 'thirdPayAmount': 0, 'payTimeLeft': 299, 'closeMinutes': 5, 'isGiftIssue': 0, 'outStockFlag': 0, 'outStockSkuName': [], 'isShareFlag': 0, 'warehouseId': 10056}}
[2018-09-13 16:08:30] [DEBUG] 下单后redis线上库存126060000.0
[2018-09-13 16:08:30] [DEBUG] B端堂食待出餐订单{'_code': '000000', '_msg': None, '_data': {'orderDTOList': [{'id': '11036224978938', 'createTime': 1536826108000, 'makeRemainingTime': None, 'takeMealRemainingTime': None, 'goodsCount': 11, 'orderAmount': '2.20', 'goodsAmount': '2.20', 'goodsOriginAmount': '2.20', 'payAmount': '2.20', 'remark': None, 'memberId': 1145, 'addrName': '自己人', 'addrMobile': '18201112814', 'addrFull': None, 'shippingType': '113', 'distributionType': 0, 'shippingStartTime': 1536826108126, 'shippingEndTime': 1536826108126, 'shipmentEndTime': None, 'shipmentStatus': 544, 'shipmentStatusName': '制作中', 'refundStatus': 0, 'refundAll': False, 'rejectNum': 0, 'refundApply': False, 'orderStatus': 0, 'packFlag': False, 'expect': '堂食时间  ', 'tel': '18201112814', 'nickName': '自己人', 'deliverTime': 1536826108000, 'takeMealTime': None, 'mealNo': '3785', 'orderItemDTOList': [{'id': '12036224961802211', 'goodsId': 18230, 'goodsName': 'GZX餐食生产加工-制作1分钟', 'goodsNum': 11, 'rejectNum': 0, 'goodsPrice': '0.20', 'promotionPrice': '0.20', 'payAmount': '2.20', 'goodsAmount': '2.20', 'pricingMethod': 390, 'expectMakeTime': '1', 'shipmentStatus': 544, 'shipmentStatusName': '制作中', 'refundStatus': 0, 'goodsOutStockCount': 0}], 'shipmentStartTime': '2018-09-13 16:08:28', 'latestProductionMinutes': 1, 'lastCustomerServiceTime': None, 'offlineOrderType': 1123}], 'count': 1, 'nowTime': 1536826110202}}
[2018-09-13 16:08:30] [DEBUG] MYSQL查询数据((997313746,), (1616000,))
[2018-09-13 16:08:30] [DEBUG] B端确认出餐前原材料1、原材料2仓库实物库存997313746,1616000
[2018-09-13 16:08:30] [DEBUG] B端确认出餐{'_code': '000000', '_msg': None, '_data': True}
[2018-09-13 16:08:32] [DEBUG] MYSQL查询数据((997280746,), (1572000,))
[2018-09-13 16:08:32] [DEBUG] B端确认出餐后原材料1、原材料2仓库实物库存997280746,1572000
[2018-09-13 16:08:32] [DEBUG] B端仅供堂食核销{'_code': '000000', '_msg': None, '_data': {'orderDTOList': [{'id': '11036224978938', 'createTime': 1536826108000, 'makeRemainingTime': None, 'takeMealRemainingTime': None, 'goodsCount': 11, 'orderAmount': '2.20', 'goodsAmount': '2.20', 'goodsOriginAmount': '2.20', 'payAmount': '2.20', 'remark': None, 'memberId': 1145, 'addrName': '自己人', 'addrMobile': '18201112814', 'addrFull': None, 'shippingType': '113', 'distributionType': 0, 'shippingStartTime': 1536826108126, 'shippingEndTime': 1536826108126, 'shipmentEndTime': 1536826110000, 'shipmentStatus': 46, 'shipmentStatusName': '交易完成', 'refundStatus': 0, 'refundAll': False, 'rejectNum': 0, 'refundApply': False, 'orderStatus': 0, 'packFlag': False, 'expect': '堂食时间  16:08', 'tel': '18201112814', 'nickName': '自己人', 'deliverTime': 1536826112000, 'takeMealTime': 1536826112000, 'mealNo': '3785', 'orderItemDTOList': [{'id': '12036224961802211', 'goodsId': 18230, 'goodsName': 'GZX餐食生产加工-制作1分钟', 'goodsNum': 11, 'rejectNum': 0, 'goodsPrice': '0.20', 'promotionPrice': '0.20', 'payAmount': '2.20', 'goodsAmount': '2.20', 'pricingMethod': 390, 'expectMakeTime': '1', 'shipmentStatus': 46, 'shipmentStatusName': '已取餐', 'refundStatus': 0, 'goodsOutStockCount': 0}], 'shipmentStartTime': '2018-09-13 16:08:28', 'latestProductionMinutes': 1, 'lastCustomerServiceTime': None, 'offlineOrderType': 1123}], 'count': 1, 'nowTime': 1536826112454, 'memberId': 1145}}
[2018-09-13 16:08:32] [DEBUG] B端核销后订单状态46
[2018-09-13 16:08:32] [INFO] *****************************用例test_order_offline_004执行结束****************************
[2018-09-13 17:17:18] [DEBUG] MYSQL查询数据()
[2018-09-13 17:18:22] [DEBUG] MYSQL查询数据()
[2018-09-13 17:28:02] [DEBUG] MYSQL查询数据((1151,),)
[2018-09-13 17:30:09] [DEBUG] MYSQL查询数据((1154,),)
[2018-09-13 17:31:05] [DEBUG] MYSQL查询数据((1156,),)
[2018-09-13 17:32:40] [DEBUG] MYSQL查询数据((1157,),)
[2018-09-13 17:34:26] [DEBUG] MYSQL查询数据((1159,),)
[2018-09-13 17:35:43] [DEBUG] MYSQL查询数据((1161,),)
[2018-09-13 17:36:06] [DEBUG] MYSQL查询数据((1163,),)
[2018-09-13 17:39:27] [DEBUG] MYSQL查询数据((1166,),)
[2018-09-13 17:40:45] [DEBUG] MYSQL查询数据((1169,),)
[2018-09-13 17:43:49] [DEBUG] MYSQL查询数据((1171,),)
[2018-09-13 17:47:22] [DEBUG] MYSQL查询数据((1173,),)
[2018-09-13 18:03:41] [DEBUG] MYSQL查询数据((1184,),)
[2018-09-13 18:04:20] [DEBUG] MYSQL查询数据((1186,),)
[2018-09-13 18:05:32] [DEBUG] MYSQL查询数据((1186,),)
[2018-09-13 18:07:36] [DEBUG] MYSQL查询数据((1186,),)
[2018-09-13 18:08:26] [DEBUG] MYSQL查询数据((1186,),)
[2018-09-13 18:09:13] [DEBUG] MYSQL查询数据((1184,),)
[2018-09-13 18:09:43] [DEBUG] MYSQL查询数据((1188,),)
[2018-09-13 18:10:48] [DEBUG] MYSQL查询数据((1189,),)
[2018-09-13 18:14:08] [DEBUG] MYSQL查询数据((1190,),)
[2018-09-13 18:14:08] [DEBUG] MYSQL查询数据((1191,),)
[2018-09-13 18:14:08] [DEBUG] MYSQL查询数据((1192,),)
[2018-09-13 18:14:08] [DEBUG] MYSQL查询数据((1193,),)
[2018-09-13 18:14:08] [DEBUG] MYSQL查询数据((1194,),)
[2018-09-13 18:14:08] [DEBUG] MYSQL查询数据((1195,),)
[2018-09-13 18:14:09] [DEBUG] MYSQL查询数据((1196,),)
[2018-09-13 18:14:09] [DEBUG] MYSQL查询数据((1197,),)
[2018-09-13 18:14:09] [DEBUG] MYSQL查询数据((1198,),)
[2018-09-13 18:14:09] [DEBUG] MYSQL查询数据((1199,),)
[2018-09-13 18:14:09] [DEBUG] MYSQL查询数据((1200,),)
[2018-09-13 18:14:09] [DEBUG] MYSQL查询数据((1201,),)
[2018-09-13 18:14:09] [DEBUG] MYSQL查询数据((1202,),)
[2018-09-13 18:14:09] [DEBUG] MYSQL查询数据((1203,),)
[2018-09-13 18:14:09] [DEBUG] MYSQL查询数据((1204,),)
[2018-09-13 18:14:09] [DEBUG] MYSQL查询数据((1205,),)
[2018-09-13 18:14:09] [DEBUG] MYSQL查询数据((1206,),)
[2018-09-13 18:14:09] [DEBUG] MYSQL查询数据((1207,),)
[2018-09-13 18:14:09] [DEBUG] MYSQL查询数据((1208,),)
[2018-09-13 18:14:09] [DEBUG] MYSQL查询数据((1209,),)
[2018-09-13 18:14:09] [DEBUG] MYSQL查询数据((1210,),)
[2018-09-13 18:14:09] [DEBUG] MYSQL查询数据((1211,),)
[2018-09-13 18:14:09] [DEBUG] MYSQL查询数据((1212,),)
[2018-09-13 18:14:09] [DEBUG] MYSQL查询数据((1213,),)
[2018-09-13 18:14:10] [DEBUG] MYSQL查询数据((1214,),)
[2018-09-13 18:14:10] [DEBUG] MYSQL查询数据((1215,),)
[2018-09-13 18:14:10] [DEBUG] MYSQL查询数据((1216,),)
[2018-09-13 18:14:10] [DEBUG] MYSQL查询数据((1217,),)
[2018-09-13 18:14:10] [DEBUG] MYSQL查询数据((1218,),)
[2018-09-13 18:14:10] [DEBUG] MYSQL查询数据((1219,),)
[2018-09-13 18:14:10] [DEBUG] MYSQL查询数据((1220,),)
[2018-09-13 18:14:10] [DEBUG] MYSQL查询数据((1221,),)
[2018-09-13 18:14:10] [DEBUG] MYSQL查询数据((1222,),)
[2018-09-13 18:14:10] [DEBUG] MYSQL查询数据((1223,),)
[2018-09-13 18:14:10] [DEBUG] MYSQL查询数据((1224,),)
[2018-09-13 18:14:10] [DEBUG] MYSQL查询数据((1225,),)
[2018-09-13 18:14:10] [DEBUG] MYSQL查询数据((1226,),)
[2018-09-13 18:14:10] [DEBUG] MYSQL查询数据((1227,),)
[2018-09-13 18:14:10] [DEBUG] MYSQL查询数据((1228,),)
[2018-09-13 18:14:10] [DEBUG] MYSQL查询数据((1229,),)
[2018-09-13 18:14:10] [DEBUG] MYSQL查询数据((1230,),)
[2018-09-13 18:14:11] [DEBUG] MYSQL查询数据((1231,),)
[2018-09-13 18:14:11] [DEBUG] MYSQL查询数据((1232,),)
[2018-09-13 18:14:11] [DEBUG] MYSQL查询数据((1233,),)
[2018-09-13 18:14:11] [DEBUG] MYSQL查询数据((1234,),)
[2018-09-13 18:14:11] [DEBUG] MYSQL查询数据((1235,),)
[2018-09-13 18:14:11] [DEBUG] MYSQL查询数据((1236,),)
[2018-09-13 18:14:11] [DEBUG] MYSQL查询数据((1237,),)
[2018-09-13 18:14:11] [DEBUG] MYSQL查询数据((1238,),)
[2018-09-13 18:14:11] [DEBUG] MYSQL查询数据((1239,),)
[2018-09-13 18:14:11] [DEBUG] MYSQL查询数据((1240,),)
[2018-09-13 18:14:11] [DEBUG] MYSQL查询数据((1241,),)
[2018-09-13 18:14:11] [DEBUG] MYSQL查询数据((1242,),)
[2018-09-13 18:14:11] [DEBUG] MYSQL查询数据((1243,),)
[2018-09-13 18:14:11] [DEBUG] MYSQL查询数据((1244,),)
[2018-09-13 18:14:11] [DEBUG] MYSQL查询数据((1245,),)
[2018-09-13 18:14:11] [DEBUG] MYSQL查询数据((1246,),)
[2018-09-13 18:14:11] [DEBUG] MYSQL查询数据((1247,),)
[2018-09-13 18:14:11] [DEBUG] MYSQL查询数据((1248,),)
[2018-09-13 18:14:12] [DEBUG] MYSQL查询数据((1249,),)
[2018-09-13 18:14:12] [DEBUG] MYSQL查询数据((1250,),)
[2018-09-13 18:14:12] [DEBUG] MYSQL查询数据((1251,),)
[2018-09-13 18:14:12] [DEBUG] MYSQL查询数据((1252,),)
[2018-09-13 18:14:12] [DEBUG] MYSQL查询数据((1253,),)
[2018-09-13 18:14:12] [DEBUG] MYSQL查询数据((1254,),)
[2018-09-13 18:14:12] [DEBUG] MYSQL查询数据((1255,),)
[2018-09-13 18:14:12] [DEBUG] MYSQL查询数据((1256,),)
[2018-09-13 18:14:12] [DEBUG] MYSQL查询数据((1257,),)
[2018-09-13 18:14:12] [DEBUG] MYSQL查询数据((1258,),)
[2018-09-13 18:14:12] [DEBUG] MYSQL查询数据((1259,),)
[2018-09-13 18:14:12] [DEBUG] MYSQL查询数据((1260,),)
[2018-09-13 18:14:12] [DEBUG] MYSQL查询数据((1261,),)
[2018-09-13 18:14:12] [DEBUG] MYSQL查询数据((1262,),)
[2018-09-13 18:14:12] [DEBUG] MYSQL查询数据((1263,),)
[2018-09-13 18:14:12] [DEBUG] MYSQL查询数据((1264,),)
[2018-09-13 18:14:12] [DEBUG] MYSQL查询数据((1265,),)
[2018-09-13 18:14:12] [DEBUG] MYSQL查询数据((1266,),)
[2018-09-13 18:14:13] [DEBUG] MYSQL查询数据((1267,),)
[2018-09-13 18:14:13] [DEBUG] MYSQL查询数据((1268,),)
[2018-09-13 18:14:13] [DEBUG] MYSQL查询数据((1269,),)
[2018-09-13 18:14:13] [DEBUG] MYSQL查询数据((1270,),)
[2018-09-13 18:14:13] [DEBUG] MYSQL查询数据((1271,),)
[2018-09-13 18:14:13] [DEBUG] MYSQL查询数据((1272,),)
[2018-09-13 18:14:13] [DEBUG] MYSQL查询数据((1273,),)
[2018-09-13 18:14:13] [DEBUG] MYSQL查询数据((1274,),)
[2018-09-13 18:14:13] [DEBUG] MYSQL查询数据((1275,),)
[2018-09-13 18:14:13] [DEBUG] MYSQL查询数据((1276,),)
[2018-09-13 18:14:13] [DEBUG] MYSQL查询数据((1277,),)
[2018-09-13 18:14:13] [DEBUG] MYSQL查询数据((1278,),)
[2018-09-13 18:14:13] [DEBUG] MYSQL查询数据((1279,),)
[2018-09-13 18:14:13] [DEBUG] MYSQL查询数据((1280,),)
[2018-09-13 18:14:13] [DEBUG] MYSQL查询数据((1281,),)
[2018-09-13 18:14:13] [DEBUG] MYSQL查询数据((1282,),)
[2018-09-13 18:14:13] [DEBUG] MYSQL查询数据((1283,),)
[2018-09-13 18:14:14] [DEBUG] MYSQL查询数据((1284,),)
[2018-09-13 18:14:14] [DEBUG] MYSQL查询数据((1285,),)
[2018-09-13 18:14:14] [DEBUG] MYSQL查询数据((1286,),)
[2018-09-13 18:14:14] [DEBUG] MYSQL查询数据((1287,),)
[2018-09-13 18:14:14] [DEBUG] MYSQL查询数据((1288,),)
[2018-09-13 18:14:14] [DEBUG] MYSQL查询数据((1289,),)
[2018-09-13 18:14:14] [DEBUG] MYSQL查询数据((1290,),)
[2018-09-13 18:14:14] [DEBUG] MYSQL查询数据((1291,),)
[2018-09-13 18:14:14] [DEBUG] MYSQL查询数据((1292,),)
[2018-09-13 18:14:14] [DEBUG] MYSQL查询数据((1293,),)
[2018-09-13 18:14:14] [DEBUG] MYSQL查询数据((1294,),)
[2018-09-13 18:14:14] [DEBUG] MYSQL查询数据((1295,),)
[2018-09-13 18:14:14] [DEBUG] MYSQL查询数据((1296,),)
[2018-09-13 18:14:14] [DEBUG] MYSQL查询数据((1297,),)
[2018-09-13 18:14:14] [DEBUG] MYSQL查询数据((1298,),)
[2018-09-13 18:14:14] [DEBUG] MYSQL查询数据((1299,),)
[2018-09-13 18:14:14] [DEBUG] MYSQL查询数据((1300,),)
[2018-09-13 18:14:14] [DEBUG] MYSQL查询数据((1301,),)
[2018-09-13 18:14:15] [DEBUG] MYSQL查询数据((1302,),)
[2018-09-13 18:14:15] [DEBUG] MYSQL查询数据((1303,),)
[2018-09-13 18:14:15] [DEBUG] MYSQL查询数据((1304,),)
[2018-09-13 18:14:15] [DEBUG] MYSQL查询数据((1305,),)
[2018-09-13 18:14:15] [DEBUG] MYSQL查询数据((1306,),)
[2018-09-13 18:14:15] [DEBUG] MYSQL查询数据((1307,),)
[2018-09-13 18:14:15] [DEBUG] MYSQL查询数据((1308,),)
[2018-09-13 18:14:15] [DEBUG] MYSQL查询数据((1309,),)
[2018-09-13 18:14:15] [DEBUG] MYSQL查询数据((1310,),)
[2018-09-13 18:14:15] [DEBUG] MYSQL查询数据((1311,),)
[2018-09-13 18:14:15] [DEBUG] MYSQL查询数据((1312,),)
[2018-09-13 18:14:15] [DEBUG] MYSQL查询数据((1313,),)
[2018-09-13 18:14:15] [DEBUG] MYSQL查询数据((1314,),)
[2018-09-13 18:14:15] [DEBUG] MYSQL查询数据((1315,),)
[2018-09-13 18:14:15] [DEBUG] MYSQL查询数据((1316,),)
[2018-09-13 18:14:15] [DEBUG] MYSQL查询数据((1317,),)
[2018-09-13 18:14:15] [DEBUG] MYSQL查询数据((1318,),)
[2018-09-13 18:14:15] [DEBUG] MYSQL查询数据((1319,),)
[2018-09-13 18:14:16] [DEBUG] MYSQL查询数据((1320,),)
[2018-09-13 18:14:16] [DEBUG] MYSQL查询数据((1321,),)
[2018-09-13 18:14:16] [DEBUG] MYSQL查询数据((1322,),)
[2018-09-13 18:14:16] [DEBUG] MYSQL查询数据((1323,),)
[2018-09-13 18:14:16] [DEBUG] MYSQL查询数据((1324,),)
[2018-09-13 18:14:16] [DEBUG] MYSQL查询数据((1325,),)
[2018-09-13 18:14:16] [DEBUG] MYSQL查询数据((1326,),)
[2018-09-13 18:14:16] [DEBUG] MYSQL查询数据((1327,),)
[2018-09-13 18:14:16] [DEBUG] MYSQL查询数据((1328,),)
[2018-09-13 18:14:16] [DEBUG] MYSQL查询数据((1329,),)
[2018-09-13 18:14:16] [DEBUG] MYSQL查询数据((1330,),)
[2018-09-13 18:14:16] [DEBUG] MYSQL查询数据((1331,),)
[2018-09-13 18:14:16] [DEBUG] MYSQL查询数据((1332,),)
[2018-09-13 18:14:16] [DEBUG] MYSQL查询数据((1333,),)
[2018-09-13 18:14:16] [DEBUG] MYSQL查询数据((1334,),)
[2018-09-13 18:14:16] [DEBUG] MYSQL查询数据((1335,),)
[2018-09-13 18:14:16] [DEBUG] MYSQL查询数据((1336,),)
[2018-09-13 18:14:17] [DEBUG] MYSQL查询数据((1337,),)
[2018-09-13 18:14:17] [DEBUG] MYSQL查询数据((1338,),)
[2018-09-13 18:14:17] [DEBUG] MYSQL查询数据((1339,),)
[2018-09-13 18:14:17] [DEBUG] MYSQL查询数据((1340,),)
[2018-09-13 18:14:17] [DEBUG] MYSQL查询数据((1341,),)
[2018-09-13 18:14:17] [DEBUG] MYSQL查询数据((1342,),)
[2018-09-13 18:14:17] [DEBUG] MYSQL查询数据((1343,),)
[2018-09-13 18:14:17] [DEBUG] MYSQL查询数据((1344,),)
[2018-09-13 18:14:17] [DEBUG] MYSQL查询数据((1345,),)
[2018-09-13 18:14:17] [DEBUG] MYSQL查询数据((1346,),)
[2018-09-13 18:14:17] [DEBUG] MYSQL查询数据((1347,),)
[2018-09-13 18:14:17] [DEBUG] MYSQL查询数据((1348,),)
[2018-09-13 18:14:17] [DEBUG] MYSQL查询数据((1349,),)
[2018-09-13 18:14:17] [DEBUG] MYSQL查询数据((1350,),)
[2018-09-13 18:14:17] [DEBUG] MYSQL查询数据((1351,),)
[2018-09-13 18:14:17] [DEBUG] MYSQL查询数据((1352,),)
[2018-09-13 18:14:17] [DEBUG] MYSQL查询数据((1353,),)
[2018-09-13 18:14:17] [DEBUG] MYSQL查询数据((1354,),)
[2018-09-13 18:14:18] [DEBUG] MYSQL查询数据((1355,),)
[2018-09-13 18:14:18] [DEBUG] MYSQL查询数据((1356,),)
[2018-09-13 18:14:18] [DEBUG] MYSQL查询数据((1357,),)
[2018-09-13 18:14:18] [DEBUG] MYSQL查询数据((1358,),)
[2018-09-13 18:14:18] [DEBUG] MYSQL查询数据((1359,),)
[2018-09-13 18:14:18] [DEBUG] MYSQL查询数据((1360,),)
[2018-09-13 18:14:18] [DEBUG] MYSQL查询数据((1361,),)
[2018-09-13 18:14:18] [DEBUG] MYSQL查询数据((1362,),)
[2018-09-13 18:14:18] [DEBUG] MYSQL查询数据((1363,),)
[2018-09-13 18:14:18] [DEBUG] MYSQL查询数据((1364,),)
[2018-09-13 18:14:18] [DEBUG] MYSQL查询数据((1365,),)
[2018-09-13 18:14:18] [DEBUG] MYSQL查询数据((1366,),)
[2018-09-13 18:14:18] [DEBUG] MYSQL查询数据((1367,),)
[2018-09-13 18:14:18] [DEBUG] MYSQL查询数据((1368,),)
[2018-09-13 18:14:18] [DEBUG] MYSQL查询数据((1369,),)
[2018-09-13 18:14:18] [DEBUG] MYSQL查询数据((1370,),)
[2018-09-13 18:14:19] [DEBUG] MYSQL查询数据((1371,),)
[2018-09-13 18:14:19] [DEBUG] MYSQL查询数据((1372,),)
[2018-09-13 18:14:19] [DEBUG] MYSQL查询数据((1373,),)
[2018-09-13 18:14:19] [DEBUG] MYSQL查询数据((1374,),)
[2018-09-13 18:14:19] [DEBUG] MYSQL查询数据((1375,),)
[2018-09-13 18:14:19] [DEBUG] MYSQL查询数据((1376,),)
[2018-09-13 18:14:19] [DEBUG] MYSQL查询数据((1377,),)
[2018-09-13 18:14:19] [DEBUG] MYSQL查询数据((1378,),)
[2018-09-13 18:14:19] [DEBUG] MYSQL查询数据((1379,),)
[2018-09-13 18:14:19] [DEBUG] MYSQL查询数据((1380,),)
[2018-09-13 18:14:19] [DEBUG] MYSQL查询数据((1381,),)
[2018-09-13 18:14:19] [DEBUG] MYSQL查询数据((1382,),)
[2018-09-13 18:14:19] [DEBUG] MYSQL查询数据((1383,),)
[2018-09-13 18:14:19] [DEBUG] MYSQL查询数据((1384,),)
[2018-09-13 18:14:19] [DEBUG] MYSQL查询数据((1385,),)
[2018-09-13 18:14:19] [DEBUG] MYSQL查询数据((1386,),)
[2018-09-13 18:14:19] [DEBUG] MYSQL查询数据((1387,),)
[2018-09-13 18:14:20] [DEBUG] MYSQL查询数据((1388,),)
[2018-09-13 18:14:20] [DEBUG] MYSQL查询数据((1389,),)
[2018-09-13 18:24:34] [DEBUG] MYSQL查询数据((1390,),)
[2018-09-13 18:24:34] [DEBUG] MYSQL查询数据((1391,),)
[2018-09-13 18:24:34] [DEBUG] MYSQL查询数据((1392,),)
[2018-09-13 18:24:35] [DEBUG] MYSQL查询数据((1393,),)
[2018-09-13 18:24:35] [DEBUG] MYSQL查询数据((1394,),)
[2018-09-13 18:24:35] [DEBUG] MYSQL查询数据((1395,),)
[2018-09-13 18:24:35] [DEBUG] MYSQL查询数据((1396,),)
[2018-09-13 18:24:35] [DEBUG] MYSQL查询数据((1397,),)
[2018-09-13 18:24:35] [DEBUG] MYSQL查询数据((1398,),)
[2018-09-13 18:24:35] [DEBUG] MYSQL查询数据((1399,),)
[2018-09-13 18:24:35] [DEBUG] MYSQL查询数据((1400,),)
[2018-09-13 18:24:35] [DEBUG] MYSQL查询数据((1401,),)
[2018-09-13 18:24:35] [DEBUG] MYSQL查询数据((1402,),)
[2018-09-13 18:24:35] [DEBUG] MYSQL查询数据((1403,),)
[2018-09-13 18:24:35] [DEBUG] MYSQL查询数据((1404,),)
[2018-09-13 18:24:35] [DEBUG] MYSQL查询数据((1405,),)
[2018-09-13 18:24:35] [DEBUG] MYSQL查询数据((1406,),)
[2018-09-13 18:24:36] [DEBUG] MYSQL查询数据((1407,),)
[2018-09-13 18:24:36] [DEBUG] MYSQL查询数据((1408,),)
[2018-09-13 18:24:36] [DEBUG] MYSQL查询数据((1409,),)
[2018-09-13 18:24:36] [DEBUG] MYSQL查询数据((1410,),)
[2018-09-13 18:24:36] [DEBUG] MYSQL查询数据((1411,),)
[2018-09-13 18:24:36] [DEBUG] MYSQL查询数据((1412,),)
[2018-09-13 18:24:36] [DEBUG] MYSQL查询数据((1413,),)
[2018-09-13 18:24:36] [DEBUG] MYSQL查询数据((1414,),)
[2018-09-13 18:24:36] [DEBUG] MYSQL查询数据((1415,),)
[2018-09-13 18:24:36] [DEBUG] MYSQL查询数据((1416,),)
[2018-09-13 18:24:36] [DEBUG] MYSQL查询数据((1417,),)
[2018-09-13 18:24:36] [DEBUG] MYSQL查询数据((1418,),)
[2018-09-13 18:24:36] [DEBUG] MYSQL查询数据((1419,),)
[2018-09-13 18:24:36] [DEBUG] MYSQL查询数据((1420,),)
[2018-09-13 18:24:36] [DEBUG] MYSQL查询数据((1421,),)
[2018-09-13 18:24:37] [DEBUG] MYSQL查询数据((1422,),)
[2018-09-13 18:24:37] [DEBUG] MYSQL查询数据((1423,),)
[2018-09-13 18:24:37] [DEBUG] MYSQL查询数据((1424,),)
[2018-09-13 18:24:37] [DEBUG] MYSQL查询数据((1425,),)
[2018-09-13 18:24:37] [DEBUG] MYSQL查询数据((1426,),)
[2018-09-13 18:24:37] [DEBUG] MYSQL查询数据((1427,),)
[2018-09-13 18:24:37] [DEBUG] MYSQL查询数据((1428,),)
[2018-09-13 18:24:37] [DEBUG] MYSQL查询数据((1429,),)
[2018-09-13 18:24:37] [DEBUG] MYSQL查询数据((1430,),)
[2018-09-13 18:24:37] [DEBUG] MYSQL查询数据((1431,),)
[2018-09-13 18:24:37] [DEBUG] MYSQL查询数据((1432,),)
[2018-09-13 18:24:37] [DEBUG] MYSQL查询数据((1433,),)
[2018-09-13 18:24:37] [DEBUG] MYSQL查询数据((1434,),)
[2018-09-13 18:24:37] [DEBUG] MYSQL查询数据((1435,),)
[2018-09-13 18:24:37] [DEBUG] MYSQL查询数据((1436,),)
[2018-09-13 18:24:38] [DEBUG] MYSQL查询数据((1437,),)
[2018-09-13 18:24:38] [DEBUG] MYSQL查询数据((1438,),)
[2018-09-13 18:24:38] [DEBUG] MYSQL查询数据((1439,),)
[2018-09-13 18:24:38] [DEBUG] MYSQL查询数据((1440,),)
[2018-09-13 18:24:38] [DEBUG] MYSQL查询数据((1441,),)
[2018-09-13 18:24:38] [DEBUG] MYSQL查询数据((1442,),)
[2018-09-13 18:24:38] [DEBUG] MYSQL查询数据((1443,),)
[2018-09-13 18:24:38] [DEBUG] MYSQL查询数据((1444,),)
[2018-09-13 18:24:38] [DEBUG] MYSQL查询数据((1445,),)
[2018-09-13 18:24:38] [DEBUG] MYSQL查询数据((1446,),)
[2018-09-13 18:24:38] [DEBUG] MYSQL查询数据((1447,),)
[2018-09-13 18:24:38] [DEBUG] MYSQL查询数据((1448,),)
[2018-09-13 18:24:38] [DEBUG] MYSQL查询数据((1449,),)
[2018-09-13 18:24:38] [DEBUG] MYSQL查询数据((1450,),)
[2018-09-13 18:24:38] [DEBUG] MYSQL查询数据((1451,),)
[2018-09-13 18:24:39] [DEBUG] MYSQL查询数据((1452,),)
[2018-09-13 18:24:39] [DEBUG] MYSQL查询数据((1453,),)
[2018-09-13 18:24:39] [DEBUG] MYSQL查询数据((1454,),)
[2018-09-13 18:24:39] [DEBUG] MYSQL查询数据((1455,),)
[2018-09-13 18:24:39] [DEBUG] MYSQL查询数据((1456,),)
[2018-09-13 18:24:39] [DEBUG] MYSQL查询数据((1457,),)
[2018-09-13 18:24:39] [DEBUG] MYSQL查询数据((1458,),)
[2018-09-13 18:24:39] [DEBUG] MYSQL查询数据((1459,),)
[2018-09-13 18:24:39] [DEBUG] MYSQL查询数据((1460,),)
[2018-09-13 18:24:39] [DEBUG] MYSQL查询数据((1461,),)
[2018-09-13 18:24:39] [DEBUG] MYSQL查询数据((1462,),)
[2018-09-13 18:24:39] [DEBUG] MYSQL查询数据((1463,),)
[2018-09-13 18:24:39] [DEBUG] MYSQL查询数据((1464,),)
[2018-09-13 18:24:40] [DEBUG] MYSQL查询数据((1465,),)
[2018-09-13 18:24:40] [DEBUG] MYSQL查询数据((1466,),)
[2018-09-13 18:24:40] [DEBUG] MYSQL查询数据((1467,),)
[2018-09-13 18:24:40] [DEBUG] MYSQL查询数据((1468,),)
[2018-09-13 18:24:40] [DEBUG] MYSQL查询数据((1469,),)
[2018-09-13 18:24:40] [DEBUG] MYSQL查询数据((1470,),)
[2018-09-13 18:24:40] [DEBUG] MYSQL查询数据((1471,),)
[2018-09-13 18:24:40] [DEBUG] MYSQL查询数据((1472,),)
[2018-09-13 18:24:40] [DEBUG] MYSQL查询数据((1473,),)
[2018-09-13 18:24:40] [DEBUG] MYSQL查询数据((1474,),)
[2018-09-13 18:24:40] [DEBUG] MYSQL查询数据((1475,),)
[2018-09-13 18:24:40] [DEBUG] MYSQL查询数据((1476,),)
[2018-09-13 18:24:40] [DEBUG] MYSQL查询数据((1477,),)
[2018-09-13 18:24:40] [DEBUG] MYSQL查询数据((1478,),)
[2018-09-13 18:24:41] [DEBUG] MYSQL查询数据((1479,),)
[2018-09-13 18:24:41] [DEBUG] MYSQL查询数据((1480,),)
[2018-09-13 18:24:41] [DEBUG] MYSQL查询数据((1481,),)
[2018-09-13 18:24:41] [DEBUG] MYSQL查询数据((1482,),)
[2018-09-13 18:24:41] [DEBUG] MYSQL查询数据((1483,),)
[2018-09-13 18:24:41] [DEBUG] MYSQL查询数据((1484,),)
[2018-09-13 18:24:41] [DEBUG] MYSQL查询数据((1485,),)
[2018-09-13 18:24:41] [DEBUG] MYSQL查询数据((1486,),)
[2018-09-13 18:24:41] [DEBUG] MYSQL查询数据((1487,),)
[2018-09-13 18:24:41] [DEBUG] MYSQL查询数据((1488,),)
[2018-09-13 18:24:41] [DEBUG] MYSQL查询数据((1489,),)
[2018-09-13 18:24:41] [DEBUG] MYSQL查询数据((1490,),)
[2018-09-13 18:24:41] [DEBUG] MYSQL查询数据((1491,),)
[2018-09-13 18:24:42] [DEBUG] MYSQL查询数据((1492,),)
[2018-09-13 18:24:42] [DEBUG] MYSQL查询数据((1493,),)
[2018-09-13 18:24:42] [DEBUG] MYSQL查询数据((1494,),)
[2018-09-13 18:24:42] [DEBUG] MYSQL查询数据((1495,),)
[2018-09-13 18:24:42] [DEBUG] MYSQL查询数据((1496,),)
[2018-09-13 18:24:42] [DEBUG] MYSQL查询数据((1497,),)
[2018-09-13 18:24:42] [DEBUG] MYSQL查询数据((1498,),)
[2018-09-13 18:24:42] [DEBUG] MYSQL查询数据((1499,),)
[2018-09-13 18:24:42] [DEBUG] MYSQL查询数据((1500,),)
[2018-09-13 18:24:42] [DEBUG] MYSQL查询数据((1501,),)
[2018-09-13 18:24:42] [DEBUG] MYSQL查询数据((1502,),)
[2018-09-13 18:24:42] [DEBUG] MYSQL查询数据((1503,),)
[2018-09-13 18:24:42] [DEBUG] MYSQL查询数据((1504,),)
[2018-09-13 18:24:42] [DEBUG] MYSQL查询数据((1505,),)
[2018-09-13 18:24:43] [DEBUG] MYSQL查询数据((1506,),)
[2018-09-13 18:24:43] [DEBUG] MYSQL查询数据((1507,),)
[2018-09-13 18:24:43] [DEBUG] MYSQL查询数据((1508,),)
[2018-09-13 18:24:43] [DEBUG] MYSQL查询数据((1509,),)
[2018-09-13 18:24:43] [DEBUG] MYSQL查询数据((1510,),)
[2018-09-13 18:24:43] [DEBUG] MYSQL查询数据((1511,),)
[2018-09-13 18:24:43] [DEBUG] MYSQL查询数据((1512,),)
[2018-09-13 18:24:43] [DEBUG] MYSQL查询数据((1513,),)
[2018-09-13 18:24:43] [DEBUG] MYSQL查询数据((1514,),)
[2018-09-13 18:24:43] [DEBUG] MYSQL查询数据((1515,),)
[2018-09-13 18:24:43] [DEBUG] MYSQL查询数据((1516,),)
[2018-09-13 18:24:43] [DEBUG] MYSQL查询数据((1517,),)
[2018-09-13 18:24:43] [DEBUG] MYSQL查询数据((1518,),)
[2018-09-13 18:24:43] [DEBUG] MYSQL查询数据((1519,),)
[2018-09-13 18:24:44] [DEBUG] MYSQL查询数据((1520,),)
[2018-09-13 18:24:44] [DEBUG] MYSQL查询数据((1521,),)
[2018-09-13 18:24:44] [DEBUG] MYSQL查询数据((1522,),)
[2018-09-13 18:24:44] [DEBUG] MYSQL查询数据((1523,),)
[2018-09-13 18:24:44] [DEBUG] MYSQL查询数据((1524,),)
[2018-09-13 18:24:44] [DEBUG] MYSQL查询数据((1525,),)
[2018-09-13 18:24:44] [DEBUG] MYSQL查询数据((1526,),)
[2018-09-13 18:24:44] [DEBUG] MYSQL查询数据((1527,),)
[2018-09-13 18:24:44] [DEBUG] MYSQL查询数据((1528,),)
[2018-09-13 18:24:44] [DEBUG] MYSQL查询数据((1529,),)
[2018-09-13 18:24:44] [DEBUG] MYSQL查询数据((1530,),)
[2018-09-13 18:24:44] [DEBUG] MYSQL查询数据((1531,),)
[2018-09-13 18:24:44] [DEBUG] MYSQL查询数据((1532,),)
[2018-09-13 18:24:44] [DEBUG] MYSQL查询数据((1533,),)
[2018-09-13 18:24:44] [DEBUG] MYSQL查询数据((1534,),)
[2018-09-13 18:24:45] [DEBUG] MYSQL查询数据((1535,),)
[2018-09-13 18:24:45] [DEBUG] MYSQL查询数据((1536,),)
[2018-09-13 18:24:45] [DEBUG] MYSQL查询数据((1537,),)
[2018-09-13 18:24:45] [DEBUG] MYSQL查询数据((1538,),)
[2018-09-13 18:24:45] [DEBUG] MYSQL查询数据((1539,),)
[2018-09-13 18:24:45] [DEBUG] MYSQL查询数据((1540,),)
[2018-09-13 18:24:45] [DEBUG] MYSQL查询数据((1541,),)
[2018-09-13 18:24:45] [DEBUG] MYSQL查询数据((1542,),)
[2018-09-13 18:24:45] [DEBUG] MYSQL查询数据((1543,),)
[2018-09-13 18:24:45] [DEBUG] MYSQL查询数据((1544,),)
[2018-09-13 18:24:45] [DEBUG] MYSQL查询数据((1545,),)
[2018-09-13 18:24:45] [DEBUG] MYSQL查询数据((1546,),)
[2018-09-13 18:24:45] [DEBUG] MYSQL查询数据((1547,),)
[2018-09-13 18:24:45] [DEBUG] MYSQL查询数据((1548,),)
[2018-09-13 18:24:46] [DEBUG] MYSQL查询数据((1549,),)
[2018-09-13 18:24:46] [DEBUG] MYSQL查询数据((1550,),)
[2018-09-13 18:24:46] [DEBUG] MYSQL查询数据((1551,),)
[2018-09-13 18:24:46] [DEBUG] MYSQL查询数据((1552,),)
[2018-09-13 18:24:46] [DEBUG] MYSQL查询数据((1553,),)
[2018-09-13 18:24:46] [DEBUG] MYSQL查询数据((1554,),)
[2018-09-13 18:24:46] [DEBUG] MYSQL查询数据((1555,),)
[2018-09-13 18:24:46] [DEBUG] MYSQL查询数据((1556,),)
[2018-09-13 18:24:46] [DEBUG] MYSQL查询数据((1557,),)
[2018-09-13 18:24:46] [DEBUG] MYSQL查询数据((1558,),)
[2018-09-13 18:24:46] [DEBUG] MYSQL查询数据((1559,),)
[2018-09-13 18:24:46] [DEBUG] MYSQL查询数据((1560,),)
[2018-09-13 18:24:46] [DEBUG] MYSQL查询数据((1561,),)
[2018-09-13 18:24:46] [DEBUG] MYSQL查询数据((1562,),)
[2018-09-13 18:24:47] [DEBUG] MYSQL查询数据((1563,),)
[2018-09-13 18:24:47] [DEBUG] MYSQL查询数据((1564,),)
[2018-09-13 18:24:47] [DEBUG] MYSQL查询数据((1565,),)
[2018-09-13 18:24:47] [DEBUG] MYSQL查询数据((1566,),)
[2018-09-13 18:24:47] [DEBUG] MYSQL查询数据((1567,),)
[2018-09-13 18:24:47] [DEBUG] MYSQL查询数据((1568,),)
[2018-09-13 18:24:47] [DEBUG] MYSQL查询数据((1569,),)
[2018-09-13 18:24:47] [DEBUG] MYSQL查询数据((1570,),)
[2018-09-13 18:24:47] [DEBUG] MYSQL查询数据((1571,),)
[2018-09-13 18:24:47] [DEBUG] MYSQL查询数据((1572,),)
[2018-09-13 18:24:47] [DEBUG] MYSQL查询数据((1573,),)
[2018-09-13 18:24:47] [DEBUG] MYSQL查询数据((1574,),)
[2018-09-13 18:24:47] [DEBUG] MYSQL查询数据((1575,),)
[2018-09-13 18:24:48] [DEBUG] MYSQL查询数据((1576,),)
[2018-09-13 18:24:48] [DEBUG] MYSQL查询数据((1577,),)
[2018-09-13 18:24:48] [DEBUG] MYSQL查询数据((1578,),)
[2018-09-13 18:24:48] [DEBUG] MYSQL查询数据((1579,),)
[2018-09-13 18:24:48] [DEBUG] MYSQL查询数据((1580,),)
[2018-09-13 18:24:48] [DEBUG] MYSQL查询数据((1581,),)
[2018-09-13 18:24:48] [DEBUG] MYSQL查询数据((1582,),)
[2018-09-13 18:24:48] [DEBUG] MYSQL查询数据((1583,),)
[2018-09-13 18:24:48] [DEBUG] MYSQL查询数据((1584,),)
[2018-09-13 18:24:48] [DEBUG] MYSQL查询数据((1585,),)
[2018-09-13 18:24:48] [DEBUG] MYSQL查询数据((1586,),)
[2018-09-13 18:24:48] [DEBUG] MYSQL查询数据((1587,),)
[2018-09-13 18:24:49] [DEBUG] MYSQL查询数据((1588,),)
[2018-09-13 18:24:49] [DEBUG] MYSQL查询数据((1589,),)
[2018-09-13 18:24:49] [DEBUG] MYSQL查询数据((1590,),)
[2018-09-13 18:24:49] [DEBUG] MYSQL查询数据((1591,),)
[2018-09-13 18:24:49] [DEBUG] MYSQL查询数据((1592,),)
[2018-09-13 18:24:49] [DEBUG] MYSQL查询数据((1593,),)
[2018-09-13 18:24:49] [DEBUG] MYSQL查询数据((1594,),)
[2018-09-13 18:24:49] [DEBUG] MYSQL查询数据((1595,),)
[2018-09-13 18:24:49] [DEBUG] MYSQL查询数据((1596,),)
[2018-09-13 18:24:49] [DEBUG] MYSQL查询数据((1597,),)
[2018-09-13 18:24:49] [DEBUG] MYSQL查询数据((1598,),)
[2018-09-13 18:24:49] [DEBUG] MYSQL查询数据((1599,),)
[2018-09-13 18:24:49] [DEBUG] MYSQL查询数据((1600,),)
[2018-09-13 18:24:50] [DEBUG] MYSQL查询数据((1601,),)
[2018-09-13 18:24:50] [DEBUG] MYSQL查询数据((1602,),)
[2018-09-13 18:24:50] [DEBUG] MYSQL查询数据((1603,),)
[2018-09-13 18:24:50] [DEBUG] MYSQL查询数据((1604,),)
[2018-09-13 18:24:50] [DEBUG] MYSQL查询数据((1605,),)
[2018-09-13 18:24:50] [DEBUG] MYSQL查询数据((1606,),)
[2018-09-13 18:24:50] [DEBUG] MYSQL查询数据((1607,),)
[2018-09-13 18:24:50] [DEBUG] MYSQL查询数据((1608,),)
[2018-09-13 18:24:50] [DEBUG] MYSQL查询数据((1609,),)
[2018-09-13 18:24:50] [DEBUG] MYSQL查询数据((1610,),)
[2018-09-13 18:24:50] [DEBUG] MYSQL查询数据((1611,),)
[2018-09-13 18:24:50] [DEBUG] MYSQL查询数据((1612,),)
[2018-09-13 18:24:50] [DEBUG] MYSQL查询数据((1613,),)
[2018-09-13 18:24:50] [DEBUG] MYSQL查询数据((1614,),)
[2018-09-13 18:24:51] [DEBUG] MYSQL查询数据((1615,),)
[2018-09-13 18:24:51] [DEBUG] MYSQL查询数据((1616,),)
[2018-09-13 18:24:51] [DEBUG] MYSQL查询数据((1617,),)
[2018-09-13 18:24:51] [DEBUG] MYSQL查询数据((1618,),)
[2018-09-13 18:24:51] [DEBUG] MYSQL查询数据((1619,),)
[2018-09-13 18:24:51] [DEBUG] MYSQL查询数据((1620,),)
[2018-09-13 18:24:51] [DEBUG] MYSQL查询数据((1621,),)
[2018-09-13 18:24:51] [DEBUG] MYSQL查询数据((1622,),)
[2018-09-13 18:24:51] [DEBUG] MYSQL查询数据((1623,),)
[2018-09-13 18:24:51] [DEBUG] MYSQL查询数据((1624,),)
[2018-09-13 18:24:51] [DEBUG] MYSQL查询数据((1625,),)
[2018-09-13 18:24:51] [DEBUG] MYSQL查询数据((1626,),)
[2018-09-13 18:24:51] [DEBUG] MYSQL查询数据((1627,),)
[2018-09-13 18:24:52] [DEBUG] MYSQL查询数据((1628,),)
[2018-09-13 18:24:52] [DEBUG] MYSQL查询数据((1629,),)
[2018-09-13 18:24:52] [DEBUG] MYSQL查询数据((1630,),)
[2018-09-13 18:24:52] [DEBUG] MYSQL查询数据((1631,),)
[2018-09-13 18:24:52] [DEBUG] MYSQL查询数据((1632,),)
[2018-09-13 18:24:52] [DEBUG] MYSQL查询数据((1633,),)
[2018-09-13 18:24:52] [DEBUG] MYSQL查询数据((1634,),)
[2018-09-13 18:24:52] [DEBUG] MYSQL查询数据((1635,),)
[2018-09-13 18:24:52] [DEBUG] MYSQL查询数据((1636,),)
[2018-09-13 18:24:52] [DEBUG] MYSQL查询数据((1637,),)
[2018-09-13 18:24:52] [DEBUG] MYSQL查询数据((1638,),)
[2018-09-13 18:24:52] [DEBUG] MYSQL查询数据((1639,),)
[2018-09-13 18:24:53] [DEBUG] MYSQL查询数据((1640,),)
[2018-09-13 18:24:53] [DEBUG] MYSQL查询数据((1641,),)
[2018-09-13 18:24:53] [DEBUG] MYSQL查询数据((1642,),)
[2018-09-13 18:24:53] [DEBUG] MYSQL查询数据((1643,),)
[2018-09-13 18:24:53] [DEBUG] MYSQL查询数据((1644,),)
[2018-09-13 18:24:53] [DEBUG] MYSQL查询数据((1645,),)
[2018-09-13 18:24:53] [DEBUG] MYSQL查询数据((1646,),)
[2018-09-13 18:24:53] [DEBUG] MYSQL查询数据((1647,),)
[2018-09-13 18:24:53] [DEBUG] MYSQL查询数据((1648,),)
[2018-09-13 18:24:53] [DEBUG] MYSQL查询数据((1649,),)
[2018-09-13 18:24:53] [DEBUG] MYSQL查询数据((1650,),)
[2018-09-13 18:24:53] [DEBUG] MYSQL查询数据((1651,),)
[2018-09-13 18:24:54] [DEBUG] MYSQL查询数据((1652,),)
[2018-09-13 18:24:54] [DEBUG] MYSQL查询数据((1653,),)
[2018-09-13 18:24:54] [DEBUG] MYSQL查询数据((1654,),)
[2018-09-13 18:24:54] [DEBUG] MYSQL查询数据((1655,),)
[2018-09-13 18:24:54] [DEBUG] MYSQL查询数据((1656,),)
[2018-09-13 18:24:54] [DEBUG] MYSQL查询数据((1657,),)
[2018-09-13 18:24:54] [DEBUG] MYSQL查询数据((1658,),)
[2018-09-13 18:24:54] [DEBUG] MYSQL查询数据((1659,),)
[2018-09-13 18:24:54] [DEBUG] MYSQL查询数据((1660,),)
[2018-09-13 18:24:54] [DEBUG] MYSQL查询数据((1661,),)
[2018-09-13 18:24:54] [DEBUG] MYSQL查询数据((1662,),)
[2018-09-13 18:24:54] [DEBUG] MYSQL查询数据((1663,),)
[2018-09-13 18:24:54] [DEBUG] MYSQL查询数据((1664,),)
[2018-09-13 18:24:55] [DEBUG] MYSQL查询数据((1665,),)
[2018-09-13 18:24:55] [DEBUG] MYSQL查询数据((1666,),)
[2018-09-13 18:24:55] [DEBUG] MYSQL查询数据((1667,),)
[2018-09-13 18:24:55] [DEBUG] MYSQL查询数据((1668,),)
[2018-09-13 18:24:55] [DEBUG] MYSQL查询数据((1669,),)
[2018-09-13 18:24:55] [DEBUG] MYSQL查询数据((1670,),)
[2018-09-13 18:24:55] [DEBUG] MYSQL查询数据((1671,),)
[2018-09-13 18:24:55] [DEBUG] MYSQL查询数据((1672,),)
[2018-09-13 18:24:55] [DEBUG] MYSQL查询数据((1673,),)
[2018-09-13 18:24:55] [DEBUG] MYSQL查询数据((1674,),)
[2018-09-13 18:24:55] [DEBUG] MYSQL查询数据((1675,),)
[2018-09-13 18:24:55] [DEBUG] MYSQL查询数据((1676,),)
[2018-09-13 18:24:55] [DEBUG] MYSQL查询数据((1677,),)
[2018-09-13 18:24:56] [DEBUG] MYSQL查询数据((1678,),)
[2018-09-13 18:24:56] [DEBUG] MYSQL查询数据((1679,),)
[2018-09-13 18:24:56] [DEBUG] MYSQL查询数据((1680,),)
[2018-09-13 18:24:56] [DEBUG] MYSQL查询数据((1681,),)
[2018-09-13 18:24:56] [DEBUG] MYSQL查询数据((1682,),)
[2018-09-13 18:24:56] [DEBUG] MYSQL查询数据((1683,),)
[2018-09-13 18:24:56] [DEBUG] MYSQL查询数据((1684,),)
[2018-09-13 18:24:56] [DEBUG] MYSQL查询数据((1685,),)
[2018-09-13 18:24:56] [DEBUG] MYSQL查询数据((1686,),)
[2018-09-13 18:24:56] [DEBUG] MYSQL查询数据((1687,),)
[2018-09-13 18:24:56] [DEBUG] MYSQL查询数据((1688,),)
[2018-09-13 18:24:56] [DEBUG] MYSQL查询数据((1689,),)
[2018-09-14 11:38:23] [INFO] *****************************用例test_order_offline_001开始执行****************************
[2018-09-14 11:38:23] [DEBUG] 下单前redis线上库存66230000.0
[2018-09-14 11:38:23] [DEBUG] MYSQL查询数据((-13500000,),)
[2018-09-14 11:38:23] [DEBUG] 下单前仓库实物库存-13500000
[2018-09-14 11:38:23] [DEBUG] 创建订单数据{'_code': '000000', '_msg': '操作成功', '_data': {'orderId': '100362404645', 'isPay': 1, 'payType': None, 'aliParameter': None, 'wxParameter': None, 'h5PayUrl': None, 'thirdPayAmount': 0, 'payTimeLeft': 299, 'closeMinutes': 5, 'isGiftIssue': 0, 'outStockFlag': 0, 'outStockSkuName': [], 'isShareFlag': 0, 'warehouseId': 10056}}
[2018-09-14 11:38:26] [INFO] *****************************用例test_order_offline_002开始执行****************************
[2018-09-14 11:38:26] [DEBUG] 下单前redis线上库存3490000.0
[2018-09-14 11:38:26] [DEBUG] MYSQL查询数据((-4530000,),)
[2018-09-14 11:38:26] [DEBUG] 下单前仓库实物库存-4530000
[2018-09-14 11:38:26] [DEBUG] 创建订单数据{'_code': '000000', '_msg': '操作成功', '_data': {'orderId': '100362404845', 'isPay': 1, 'payType': None, 'aliParameter': None, 'wxParameter': None, 'h5PayUrl': None, 'thirdPayAmount': 0, 'payTimeLeft': 299, 'closeMinutes': 5, 'isGiftIssue': 0, 'outStockFlag': 0, 'outStockSkuName': [], 'isShareFlag': 0, 'warehouseId': 10056}}
[2018-09-14 11:38:28] [DEBUG] 下单后redis线上库存3380000.0
[2018-09-14 11:38:28] [DEBUG] MYSQL查询数据((-4640000,),)
[2018-09-14 11:38:28] [DEBUG] 下单后仓库实物库存-4640000
[2018-09-14 11:38:28] [DEBUG] 闪电付订单核销{'_code': '000000', '_msg': None, '_data': {'checkResult': 1, 'memberId': 1145}}
[2018-09-14 11:38:28] [INFO] *****************************用例test_order_offline_002执行结束****************************
[2018-09-14 11:38:28] [INFO] *****************************用例test_order_offline_003开始执行****************************
[2018-09-14 11:38:28] [DEBUG] 下单前redis线上库存5829000.0
[2018-09-14 11:38:28] [DEBUG] MYSQL查询数据((-2622000,),)
[2018-09-14 11:38:28] [DEBUG] 下单前仓库实物库存-2622000
[2018-09-14 11:38:28] [DEBUG] 创建订单数据{'_code': '000000', '_msg': '操作成功', '_data': {'orderId': '100362405045', 'isPay': 1, 'payType': None, 'aliParameter': None, 'wxParameter': None, 'h5PayUrl': None, 'thirdPayAmount': 0, 'payTimeLeft': 299, 'closeMinutes': 5, 'isGiftIssue': 0, 'outStockFlag': 0, 'outStockSkuName': [], 'isShareFlag': 0, 'warehouseId': 10056}}
[2018-09-14 11:38:30] [DEBUG] 下单后redis线上库存5772000.0
[2018-09-14 11:38:30] [DEBUG] MYSQL查询数据((-2679000,),)
[2018-09-14 11:38:30] [DEBUG] 下单后仓库实物库存-2679000
[2018-09-14 11:38:30] [DEBUG] 闪电付订单核销{'_code': '000000', '_msg': None, '_data': {'checkResult': 1, 'memberId': 1145}}
[2018-09-14 11:38:30] [INFO] *****************************用例test_order_offline_003执行结束****************************
[2018-09-14 11:38:30] [INFO] *****************************用例test_order_offline_004开始执行****************************
[2018-09-14 11:38:30] [DEBUG] 下单前redis线上库存126060000.0
[2018-09-14 11:38:30] [DEBUG] 创建订单数据{'_code': '000000', '_msg': '操作成功', '_data': {'orderId': '100362405245', 'isPay': 1, 'payType': None, 'aliParameter': None, 'wxParameter': None, 'h5PayUrl': None, 'thirdPayAmount': 0, 'payTimeLeft': 299, 'closeMinutes': 5, 'isGiftIssue': 0, 'outStockFlag': 0, 'outStockSkuName': [], 'isShareFlag': 0, 'warehouseId': 10056}}
[2018-09-14 11:38:32] [DEBUG] 下单后redis线上库存125950000.0
[2018-09-14 11:38:32] [DEBUG] B端堂食待出餐订单{'_code': '000000', '_msg': None, '_data': {'orderDTOList': [{'id': '11036240531519', 'createTime': 1536896310000, 'makeRemainingTime': None, 'takeMealRemainingTime': None, 'goodsCount': 11, 'orderAmount': '2.20', 'goodsAmount': '2.20', 'goodsOriginAmount': '2.20', 'payAmount': '2.20', 'remark': None, 'memberId': 1145, 'addrName': '自己人', 'addrMobile': '18201112814', 'addrFull': None, 'shippingType': '113', 'distributionType': 0, 'shippingStartTime': 1536896309709, 'shippingEndTime': 1536896309709, 'shipmentEndTime': None, 'shipmentStatus': 544, 'shipmentStatusName': '制作中', 'refundStatus': 0, 'refundAll': False, 'rejectNum': 0, 'refundApply': False, 'orderStatus': 0, 'packFlag': False, 'expect': '堂食时间  ', 'tel': '18201112814', 'nickName': '自己人', 'deliverTime': 1536896309000, 'takeMealTime': None, 'mealNo': '4998', 'orderItemDTOList': [{'id': '12036240521802211', 'goodsId': 18230, 'goodsName': 'GZX餐食生产加工-制作1分钟', 'goodsNum': 11, 'rejectNum': 0, 'goodsPrice': '0.20', 'promotionPrice': '0.20', 'payAmount': '2.20', 'goodsAmount': '2.20', 'pricingMethod': 390, 'expectMakeTime': '1', 'shipmentStatus': 544, 'shipmentStatusName': '制作中', 'refundStatus': 0, 'goodsOutStockCount': 0}], 'shipmentStartTime': '2018-09-14 11:38:30', 'latestProductionMinutes': 1, 'lastCustomerServiceTime': None, 'offlineOrderType': 1123}], 'count': 1, 'nowTime': 1536896311781}}
[2018-09-14 11:38:32] [DEBUG] MYSQL查询数据((997280746,), (1572000,))
[2018-09-14 11:38:32] [DEBUG] B端确认出餐前原材料1、原材料2仓库实物库存997280746,1572000
[2018-09-14 11:38:33] [DEBUG] B端确认出餐{'_code': '000000', '_msg': None, '_data': True}
[2018-09-14 11:38:35] [DEBUG] MYSQL查询数据((997247746,), (1528000,))
[2018-09-14 11:38:35] [DEBUG] B端确认出餐后原材料1、原材料2仓库实物库存997247746,1528000
[2018-09-14 11:38:35] [DEBUG] B端仅供堂食核销{'_code': '000000', '_msg': None, '_data': {'orderDTOList': [{'id': '11036240531519', 'createTime': 1536896310000, 'makeRemainingTime': None, 'takeMealRemainingTime': None, 'goodsCount': 11, 'orderAmount': '2.20', 'goodsAmount': '2.20', 'goodsOriginAmount': '2.20', 'payAmount': '2.20', 'remark': None, 'memberId': 1145, 'addrName': '自己人', 'addrMobile': '18201112814', 'addrFull': None, 'shippingType': '113', 'distributionType': 0, 'shippingStartTime': 1536896309709, 'shippingEndTime': 1536896309709, 'shipmentEndTime': 1536896312000, 'shipmentStatus': 46, 'shipmentStatusName': '交易完成', 'refundStatus': 0, 'refundAll': False, 'rejectNum': 0, 'refundApply': False, 'orderStatus': 0, 'packFlag': False, 'expect': '堂食时间  11:38', 'tel': '18201112814', 'nickName': '自己人', 'deliverTime': 1536896314000, 'takeMealTime': 1536896314000, 'mealNo': '4998', 'orderItemDTOList': [{'id': '12036240521802211', 'goodsId': 18230, 'goodsName': 'GZX餐食生产加工-制作1分钟', 'goodsNum': 11, 'rejectNum': 0, 'goodsPrice': '0.20', 'promotionPrice': '0.20', 'payAmount': '2.20', 'goodsAmount': '2.20', 'pricingMethod': 390, 'expectMakeTime': '1', 'shipmentStatus': 46, 'shipmentStatusName': '已取餐', 'refundStatus': 0, 'goodsOutStockCount': 0}], 'shipmentStartTime': '2018-09-14 11:38:30', 'latestProductionMinutes': 1, 'lastCustomerServiceTime': None, 'offlineOrderType': 1123}], 'count': 1, 'nowTime': 1536896314221, 'memberId': 1145}}
[2018-09-14 11:38:35] [DEBUG] B端核销后订单状态46
[2018-09-14 11:38:35] [INFO] *****************************用例test_order_offline_004执行结束****************************
[2018-09-14 11:40:04] [INFO] *****************************用例test_order_offline_001开始执行****************************
[2018-09-14 11:40:04] [DEBUG] 下单前redis线上库存66120000.0
[2018-09-14 11:40:04] [DEBUG] MYSQL查询数据((-13610000,),)
[2018-09-14 11:40:04] [DEBUG] 下单前仓库实物库存-13610000
[2018-09-14 11:40:04] [DEBUG] 创建订单数据{'_code': '000000', '_msg': '操作成功', '_data': {'orderId': '100362405445', 'isPay': 1, 'payType': None, 'aliParameter': None, 'wxParameter': None, 'h5PayUrl': None, 'thirdPayAmount': 0, 'payTimeLeft': 299, 'closeMinutes': 5, 'isGiftIssue': 0, 'outStockFlag': 0, 'outStockSkuName': [], 'isShareFlag': 0, 'warehouseId': 10056}}
[2018-09-14 11:40:06] [DEBUG] 下单后redis线上库存66010000.0
[2018-09-14 11:40:06] [DEBUG] MYSQL查询数据((-13720000,),)
[2018-09-14 11:40:06] [DEBUG] 下单后仓库实物库存-13720000
[2018-09-14 11:40:06] [DEBUG] 闪电付订单核销{'_code': '000000', '_msg': None, '_data': {'checkResult': 1, 'memberId': 1145}}
[2018-09-14 11:40:06] [INFO] *****************************用例test_order_offline_001执行结束****************************
[2018-09-14 11:40:06] [INFO] *****************************用例test_order_offline_002开始执行****************************
[2018-09-14 11:40:06] [DEBUG] 下单前redis线上库存3380000.0
[2018-09-14 11:40:06] [DEBUG] MYSQL查询数据((-4640000,),)
[2018-09-14 11:40:06] [DEBUG] 下单前仓库实物库存-4640000
[2018-09-14 11:40:06] [DEBUG] 创建订单数据{'_code': '000000', '_msg': '操作成功', '_data': {'orderId': '100362405645', 'isPay': 1, 'payType': None, 'aliParameter': None, 'wxParameter': None, 'h5PayUrl': None, 'thirdPayAmount': 0, 'payTimeLeft': 299, 'closeMinutes': 5, 'isGiftIssue': 0, 'outStockFlag': 0, 'outStockSkuName': [], 'isShareFlag': 0, 'warehouseId': 10056}}
[2018-09-14 11:40:08] [DEBUG] 下单后redis线上库存3270000.0
[2018-09-14 11:40:08] [DEBUG] MYSQL查询数据((-4750000,),)
[2018-09-14 11:40:08] [DEBUG] 下单后仓库实物库存-4750000
[2018-09-14 11:40:08] [DEBUG] 闪电付订单核销{'_code': '000000', '_msg': None, '_data': {'checkResult': 1, 'memberId': 1145}}
[2018-09-14 11:40:08] [INFO] *****************************用例test_order_offline_002执行结束****************************
[2018-09-14 11:40:08] [INFO] *****************************用例test_order_offline_003开始执行****************************
[2018-09-14 11:40:08] [DEBUG] 下单前redis线上库存5772000.0
[2018-09-14 11:40:08] [DEBUG] MYSQL查询数据((-2679000,),)
[2018-09-14 11:40:08] [DEBUG] 下单前仓库实物库存-2679000
[2018-09-14 11:40:08] [DEBUG] 创建订单数据{'_code': '000000', '_msg': '操作成功', '_data': {'orderId': '100362405845', 'isPay': 1, 'payType': None, 'aliParameter': None, 'wxParameter': None, 'h5PayUrl': None, 'thirdPayAmount': 0, 'payTimeLeft': 299, 'closeMinutes': 5, 'isGiftIssue': 0, 'outStockFlag': 0, 'outStockSkuName': [], 'isShareFlag': 0, 'warehouseId': 10056}}
[2018-09-14 11:40:10] [DEBUG] 下单后redis线上库存5715000.0
[2018-09-14 11:40:10] [DEBUG] MYSQL查询数据((-2736000,),)
[2018-09-14 11:40:10] [DEBUG] 下单后仓库实物库存-2736000
[2018-09-14 11:40:10] [DEBUG] 闪电付订单核销{'_code': '000000', '_msg': None, '_data': {'checkResult': 1, 'memberId': 1145}}
[2018-09-14 11:40:10] [INFO] *****************************用例test_order_offline_003执行结束****************************
[2018-09-14 11:40:10] [INFO] *****************************用例test_order_offline_004开始执行****************************
[2018-09-14 11:40:10] [DEBUG] 下单前redis线上库存125950000.0
[2018-09-14 11:40:10] [DEBUG] 创建订单数据{'_code': '000000', '_msg': '操作成功', '_data': {'orderId': '100362406045', 'isPay': 1, 'payType': None, 'aliParameter': None, 'wxParameter': None, 'h5PayUrl': None, 'thirdPayAmount': 0, 'payTimeLeft': 299, 'closeMinutes': 5, 'isGiftIssue': 0, 'outStockFlag': 0, 'outStockSkuName': [], 'isShareFlag': 0, 'warehouseId': 10056}}
[2018-09-14 11:40:13] [DEBUG] 下单后redis线上库存125840000.0
[2018-09-14 11:40:13] [DEBUG] B端堂食待出餐订单{'_code': '000000', '_msg': None, '_data': {'orderDTOList': [{'id': '11036240614086', 'createTime': 1536896410000, 'makeRemainingTime': None, 'takeMealRemainingTime': None, 'goodsCount': 11, 'orderAmount': '2.20', 'goodsAmount': '2.20', 'goodsOriginAmount': '2.20', 'payAmount': '2.20', 'remark': None, 'memberId': 1145, 'addrName': '自己人', 'addrMobile': '18201112814', 'addrFull': None, 'shippingType': '113', 'distributionType': 0, 'shippingStartTime': 1536896410091, 'shippingEndTime': 1536896410091, 'shipmentEndTime': None, 'shipmentStatus': 544, 'shipmentStatusName': '制作中', 'refundStatus': 0, 'refundAll': False, 'rejectNum': 0, 'refundApply': False, 'orderStatus': 0, 'packFlag': False, 'expect': '堂食时间  ', 'tel': '18201112814', 'nickName': '自己人', 'deliverTime': 1536896410000, 'takeMealTime': None, 'mealNo': '8025', 'orderItemDTOList': [{'id': '12036240601802211', 'goodsId': 18230, 'goodsName': 'GZX餐食生产加工-制作1分钟', 'goodsNum': 11, 'rejectNum': 0, 'goodsPrice': '0.20', 'promotionPrice': '0.20', 'payAmount': '2.20', 'goodsAmount': '2.20', 'pricingMethod': 390, 'expectMakeTime': '1', 'shipmentStatus': 544, 'shipmentStatusName': '制作中', 'refundStatus': 0, 'goodsOutStockCount': 0}], 'shipmentStartTime': '2018-09-14 11:40:10', 'latestProductionMinutes': 1, 'lastCustomerServiceTime': None, 'offlineOrderType': 1123}], 'count': 1, 'nowTime': 1536896412157}}
[2018-09-14 11:40:13] [DEBUG] MYSQL查询数据((997247746,), (1528000,))
[2018-09-14 11:40:13] [DEBUG] B端确认出餐前原材料1、原材料2仓库实物库存997247746,1528000
[2018-09-14 11:40:13] [DEBUG] B端确认出餐{'_code': '000000', '_msg': None, '_data': True}
[2018-09-14 11:40:15] [DEBUG] MYSQL查询数据((997214746,), (1484000,))
[2018-09-14 11:40:15] [DEBUG] B端确认出餐后原材料1、原材料2仓库实物库存997214746,1484000
[2018-09-14 11:40:15] [DEBUG] B端仅供堂食核销{'_code': '000000', '_msg': None, '_data': {'orderDTOList': [{'id': '11036240614086', 'createTime': 1536896410000, 'makeRemainingTime': None, 'takeMealRemainingTime': None, 'goodsCount': 11, 'orderAmount': '2.20', 'goodsAmount': '2.20', 'goodsOriginAmount': '2.20', 'payAmount': '2.20', 'remark': None, 'memberId': 1145, 'addrName': '自己人', 'addrMobile': '18201112814', 'addrFull': None, 'shippingType': '113', 'distributionType': 0, 'shippingStartTime': 1536896410091, 'shippingEndTime': 1536896410091, 'shipmentEndTime': 1536896412000, 'shipmentStatus': 46, 'shipmentStatusName': '交易完成', 'refundStatus': 0, 'refundAll': False, 'rejectNum': 0, 'refundApply': False, 'orderStatus': 0, 'packFlag': False, 'expect': '堂食时间  11:40', 'tel': '18201112814', 'nickName': '自己人', 'deliverTime': 1536896414000, 'takeMealTime': 1536896414000, 'mealNo': '8025', 'orderItemDTOList': [{'id': '12036240601802211', 'goodsId': 18230, 'goodsName': 'GZX餐食生产加工-制作1分钟', 'goodsNum': 11, 'rejectNum': 0, 'goodsPrice': '0.20', 'promotionPrice': '0.20', 'payAmount': '2.20', 'goodsAmount': '2.20', 'pricingMethod': 390, 'expectMakeTime': '1', 'shipmentStatus': 46, 'shipmentStatusName': '已取餐', 'refundStatus': 0, 'goodsOutStockCount': 0}], 'shipmentStartTime': '2018-09-14 11:40:10', 'latestProductionMinutes': 1, 'lastCustomerServiceTime': None, 'offlineOrderType': 1123}], 'count': 1, 'nowTime': 1536896414409, 'memberId': 1145}}
[2018-09-14 11:40:15] [DEBUG] B端核销后订单状态46
[2018-09-14 11:40:15] [INFO] *****************************用例test_order_offline_004执行结束****************************
